11:20:58.581 [main] ERROR i.n.r.d.DnsServerAddressStreamProviders - [<clinit>,79] - Unable to load io.netty.resolver.dns.macos.MacOSDnsServerAddressStreamProvider, fallback to system defaults. This may result in incorrect DNS resolutions on MacOS. Check whether you have a dependency on 'io.netty:netty-resolver-dns-native-macos'. Use DEBUG level to see the full stack: java.lang.UnsatisfiedLinkError: failed to load the required native library
11:21:05.242 [main] ERROR o.s.b.d.LoggingFailureAnalysisReporter - [report,40] - 

***************************
APPLICATION FAILED TO START
***************************

Description:

Web server failed to start. Port 8080 was already in use.

Action:

Identify and stop the process that's listening on port 8080 or configure this application to listen on another port.

11:21:42.974 [main] ERROR i.n.r.d.DnsServerAddressStreamProviders - [<clinit>,79] - Unable to load io.netty.resolver.dns.macos.MacOSDnsServerAddressStreamProvider, fallback to system defaults. This may result in incorrect DNS resolutions on MacOS. Check whether you have a dependency on 'io.netty:netty-resolver-dns-native-macos'. Use DEBUG level to see the full stack: java.lang.UnsatisfiedLinkError: failed to load the required native library
11:40:42.923 [main] ERROR i.n.r.d.DnsServerAddressStreamProviders - [<clinit>,79] - Unable to load io.netty.resolver.dns.macos.MacOSDnsServerAddressStreamProvider, fallback to system defaults. This may result in incorrect DNS resolutions on MacOS. Check whether you have a dependency on 'io.netty:netty-resolver-dns-native-macos'. Use DEBUG level to see the full stack: java.lang.UnsatisfiedLinkError: failed to load the required native library
11:44:54.118 [main] ERROR i.n.r.d.DnsServerAddressStreamProviders - [<clinit>,79] - Unable to load io.netty.resolver.dns.macos.MacOSDnsServerAddressStreamProvider, fallback to system defaults. This may result in incorrect DNS resolutions on MacOS. Check whether you have a dependency on 'io.netty:netty-resolver-dns-native-macos'. Use DEBUG level to see the full stack: java.lang.UnsatisfiedLinkError: failed to load the required native library
11:46:43.992 [main] ERROR i.n.r.d.DnsServerAddressStreamProviders - [<clinit>,79] - Unable to load io.netty.resolver.dns.macos.MacOSDnsServerAddressStreamProvider, fallback to system defaults. This may result in incorrect DNS resolutions on MacOS. Check whether you have a dependency on 'io.netty:netty-resolver-dns-native-macos'. Use DEBUG level to see the full stack: java.lang.UnsatisfiedLinkError: failed to load the required native library
11:55:37.468 [reactor-http-nio-2] ERROR c.w.g.f.AuthFilter - [unauthorizedResponse,104] - [鉴权异常处理]请求路径:/system/user/getInfo,错误信息:登录状态已过期
11:55:37.576 [boundedElastic-4] ERROR c.w.g.h.GatewayExceptionHandler - [handle,52] - [网关异常处理]请求路径:/auth/logout,异常信息:503 SERVICE_UNAVAILABLE "Unable to find instance for ruoyi-auth"
11:56:21.248 [reactor-http-nio-4] ERROR c.w.g.f.AuthFilter - [unauthorizedResponse,104] - [鉴权异常处理]请求路径:/system/user/getInfo,错误信息:登录状态已过期
11:56:21.262 [boundedElastic-7] ERROR c.w.g.h.GatewayExceptionHandler - [handle,52] - [网关异常处理]请求路径:/auth/logout,异常信息:503 SERVICE_UNAVAILABLE "Unable to find instance for ruoyi-auth"
11:56:22.393 [reactor-http-nio-6] ERROR c.w.g.f.AuthFilter - [unauthorizedResponse,104] - [鉴权异常处理]请求路径:/system/user/getInfo,错误信息:登录状态已过期
11:56:22.409 [boundedElastic-7] ERROR c.w.g.h.GatewayExceptionHandler - [handle,52] - [网关异常处理]请求路径:/auth/logout,异常信息:503 SERVICE_UNAVAILABLE "Unable to find instance for ruoyi-auth"
11:56:23.498 [reactor-http-nio-8] ERROR c.w.g.f.AuthFilter - [unauthorizedResponse,104] - [鉴权异常处理]请求路径:/system/user/getInfo,错误信息:登录状态已过期
11:56:23.512 [boundedElastic-7] ERROR c.w.g.h.GatewayExceptionHandler - [handle,52] - [网关异常处理]请求路径:/auth/logout,异常信息:503 SERVICE_UNAVAILABLE "Unable to find instance for ruoyi-auth"
12:00:27.290 [reactor-http-nio-10] ERROR c.w.g.f.AuthFilter - [unauthorizedResponse,104] - [鉴权异常处理]请求路径:/system/user/getInfo,错误信息:登录状态已过期
12:00:32.189 [reactor-http-nio-3] ERROR c.w.g.f.AuthFilter - [unauthorizedResponse,104] - [鉴权异常处理]请求路径:/system/user/getInfo,错误信息:登录状态已过期
12:01:05.944 [main] ERROR i.n.r.d.DnsServerAddressStreamProviders - [<clinit>,79] - Unable to load io.netty.resolver.dns.macos.MacOSDnsServerAddressStreamProvider, fallback to system defaults. This may result in incorrect DNS resolutions on MacOS. Check whether you have a dependency on 'io.netty:netty-resolver-dns-native-macos'. Use DEBUG level to see the full stack: java.lang.UnsatisfiedLinkError: failed to load the required native library
12:01:48.135 [reactor-http-nio-2] ERROR c.w.g.f.AuthFilter - [unauthorizedResponse,104] - [鉴权异常处理]请求路径:/system/user/getInfo,错误信息:登录状态已过期
12:02:14.229 [reactor-http-nio-6] ERROR c.w.g.f.AuthFilter - [unauthorizedResponse,104] - [鉴权异常处理]请求路径:/system/user/getInfo,错误信息:登录状态已过期
12:03:23.321 [reactor-http-nio-8] ERROR c.w.g.f.AuthFilter - [unauthorizedResponse,104] - [鉴权异常处理]请求路径:/system/user/getInfo,错误信息:登录状态已过期
12:09:39.277 [reactor-http-nio-11] ERROR c.w.g.f.AuthFilter - [unauthorizedResponse,104] - [鉴权异常处理]请求路径:/system/user/getInfo,错误信息:登录状态已过期
